CRITICAL - 2022-08-17 18:31:20 --> syntax error, unexpected token "}", expecting "," or ";"
in APPPATH\Controllers\Regiones.php on line 35.
 1 SYSTEMPATH\Autoloader\Autoloader.php(259): CodeIgniter\Autoloader\Autoloader->includeFile('APPPATH\\Controllers\\Regiones.php')
 2 SYSTEMPATH\Autoloader\Autoloader.php(237): CodeIgniter\Autoloader\Autoloader->loadInNamespace('App\\Controllers\\Regiones')
 3 [internal function]: CodeIgniter\Autoloader\Autoloader->loadClass('App\\Controllers\\Regiones')
 4 SYSTEMPATH\CodeIgniter.php(848): class_exists('\\App\\Controllers\\Regiones', true)
 5 SYSTEMPATH\CodeIgniter.php(444): CodeIgniter\CodeIgniter->startController()
 6 SYSTEMPATH\CodeIgniter.php(340): CodeIgniter\CodeIgniter->handleRequest(null, Object(Config\Cache), false)
 7 FCPATH\index.php(67): CodeIgniter\CodeIgniter->run()
CRITICAL - 2022-08-17 18:31:38 --> Object of class App\Models\Region could not be converted to string
in APPPATH\Controllers\Regiones.php on line 30.
 1 SYSTEMPATH\CodeIgniter.php(898): App\Controllers\Regiones->agregarRegion()
 2 SYSTEMPATH\CodeIgniter.php(457): CodeIgniter\CodeIgniter->runController(Object(App\Controllers\Regiones))
 3 SYSTEMPATH\CodeIgniter.php(340): CodeIgniter\CodeIgniter->handleRequest(null, Object(Config\Cache), false)
 4 FCPATH\index.php(67): CodeIgniter\CodeIgniter->run()
ERROR - 2022-08-17 18:35:59 --> mysqli_sql_exception: Duplicate entry '13' for key 'PRIMARY' in C:\xampp\htdocs\2022PP\EjemploCodeIgniter4\system\Database\MySQLi\Connection.php:292
Stack trace:
#0 C:\xampp\htdocs\2022PP\EjemploCodeIgniter4\system\Database\MySQLi\Connection.php(292): mysqli->query('INSERT INTO `re...', 0)
#1 C:\xampp\htdocs\2022PP\EjemploCodeIgniter4\system\Database\BaseConnection.php(693): CodeIgniter\Database\MySQLi\Connection->execute('INSERT INTO `re...')
#2 C:\xampp\htdocs\2022PP\EjemploCodeIgniter4\system\Database\BaseConnection.php(620): CodeIgniter\Database\BaseConnection->simpleQuery('INSERT INTO `re...')
#3 C:\xampp\htdocs\2022PP\EjemploCodeIgniter4\system\Database\BaseBuilder.php(1916): CodeIgniter\Database\BaseConnection->query('INSERT INTO `re...', Array, false)
#4 C:\xampp\htdocs\2022PP\EjemploCodeIgniter4\system\Model.php(278): CodeIgniter\Database\BaseBuilder->insert()
#5 C:\xampp\htdocs\2022PP\EjemploCodeIgniter4\system\BaseModel.php(738): CodeIgniter\Model->doInsert(Array)
#6 C:\xampp\htdocs\2022PP\EjemploCodeIgniter4\system\Model.php(666): CodeIgniter\BaseModel->insert(Array, true)
#7 C:\xampp\htdocs\2022PP\EjemploCodeIgniter4\app\Controllers\Regiones.php(28): CodeIgniter\Model->insert(Array)
#8 C:\xampp\htdocs\2022PP\EjemploCodeIgniter4\system\CodeIgniter.php(898): App\Controllers\Regiones->agregarRegion()
#9 C:\xampp\htdocs\2022PP\EjemploCodeIgniter4\system\CodeIgniter.php(457): CodeIgniter\CodeIgniter->runController(Object(App\Controllers\Regiones))
#10 C:\xampp\htdocs\2022PP\EjemploCodeIgniter4\system\CodeIgniter.php(340): CodeIgniter\CodeIgniter->handleRequest(NULL, Object(Config\Cache), false)
#11 C:\xampp\htdocs\2022PP\EjemploCodeIgniter4\public\index.php(67): CodeIgniter\CodeIgniter->run()
#12 {main}
CRITICAL - 2022-08-17 18:42:23 --> Call to undefined function App\Controllers\listarRegiones()
in APPPATH\Controllers\Regiones.php on line 30.
 1 SYSTEMPATH\CodeIgniter.php(898): App\Controllers\Regiones->agregarRegion()
 2 SYSTEMPATH\CodeIgniter.php(457): CodeIgniter\CodeIgniter->runController(Object(App\Controllers\Regiones))
 3 SYSTEMPATH\CodeIgniter.php(340): CodeIgniter\CodeIgniter->handleRequest(null, Object(Config\Cache), false)
 4 FCPATH\index.php(67): CodeIgniter\CodeIgniter->run()
ERROR - 2022-08-17 18:47:04 --> mysqli_sql_exception: Duplicate entry '17' for key 'PRIMARY' in C:\xampp\htdocs\2022PP\EjemploCodeIgniter4\system\Database\MySQLi\Connection.php:292
Stack trace:
#0 C:\xampp\htdocs\2022PP\EjemploCodeIgniter4\system\Database\MySQLi\Connection.php(292): mysqli->query('INSERT INTO `re...', 0)
#1 C:\xampp\htdocs\2022PP\EjemploCodeIgniter4\system\Database\BaseConnection.php(693): CodeIgniter\Database\MySQLi\Connection->execute('INSERT INTO `re...')
#2 C:\xampp\htdocs\2022PP\EjemploCodeIgniter4\system\Database\BaseConnection.php(620): CodeIgniter\Database\BaseConnection->simpleQuery('INSERT INTO `re...')
#3 C:\xampp\htdocs\2022PP\EjemploCodeIgniter4\system\Database\BaseBuilder.php(1916): CodeIgniter\Database\BaseConnection->query('INSERT INTO `re...', Array, false)
#4 C:\xampp\htdocs\2022PP\EjemploCodeIgniter4\system\Model.php(278): CodeIgniter\Database\BaseBuilder->insert()
#5 C:\xampp\htdocs\2022PP\EjemploCodeIgniter4\system\BaseModel.php(738): CodeIgniter\Model->doInsert(Array)
#6 C:\xampp\htdocs\2022PP\EjemploCodeIgniter4\system\Model.php(666): CodeIgniter\BaseModel->insert(Array, true)
#7 C:\xampp\htdocs\2022PP\EjemploCodeIgniter4\app\Controllers\Regiones.php(28): CodeIgniter\Model->insert(Array)
#8 C:\xampp\htdocs\2022PP\EjemploCodeIgniter4\system\CodeIgniter.php(898): App\Controllers\Regiones->agregarRegion()
#9 C:\xampp\htdocs\2022PP\EjemploCodeIgniter4\system\CodeIgniter.php(457): CodeIgniter\CodeIgniter->runController(Object(App\Controllers\Regiones))
#10 C:\xampp\htdocs\2022PP\EjemploCodeIgniter4\system\CodeIgniter.php(340): CodeIgniter\CodeIgniter->handleRequest(NULL, Object(Config\Cache), false)
#11 C:\xampp\htdocs\2022PP\EjemploCodeIgniter4\public\index.php(67): CodeIgniter\CodeIgniter->run()
#12 {main}
ERROR - 2022-08-17 18:47:13 --> mysqli_sql_exception: Duplicate entry '18' for key 'PRIMARY' in C:\xampp\htdocs\2022PP\EjemploCodeIgniter4\system\Database\MySQLi\Connection.php:292
Stack trace:
#0 C:\xampp\htdocs\2022PP\EjemploCodeIgniter4\system\Database\MySQLi\Connection.php(292): mysqli->query('INSERT INTO `re...', 0)
#1 C:\xampp\htdocs\2022PP\EjemploCodeIgniter4\system\Database\BaseConnection.php(693): CodeIgniter\Database\MySQLi\Connection->execute('INSERT INTO `re...')
#2 C:\xampp\htdocs\2022PP\EjemploCodeIgniter4\system\Database\BaseConnection.php(620): CodeIgniter\Database\BaseConnection->simpleQuery('INSERT INTO `re...')
#3 C:\xampp\htdocs\2022PP\EjemploCodeIgniter4\system\Database\BaseBuilder.php(1916): CodeIgniter\Database\BaseConnection->query('INSERT INTO `re...', Array, false)
#4 C:\xampp\htdocs\2022PP\EjemploCodeIgniter4\system\Model.php(278): CodeIgniter\Database\BaseBuilder->insert()
#5 C:\xampp\htdocs\2022PP\EjemploCodeIgniter4\system\BaseModel.php(738): CodeIgniter\Model->doInsert(Array)
#6 C:\xampp\htdocs\2022PP\EjemploCodeIgniter4\system\Model.php(666): CodeIgniter\BaseModel->insert(Array, true)
#7 C:\xampp\htdocs\2022PP\EjemploCodeIgniter4\app\Controllers\Regiones.php(28): CodeIgniter\Model->insert(Array)
#8 C:\xampp\htdocs\2022PP\EjemploCodeIgniter4\system\CodeIgniter.php(898): App\Controllers\Regiones->agregarRegion()
#9 C:\xampp\htdocs\2022PP\EjemploCodeIgniter4\system\CodeIgniter.php(457): CodeIgniter\CodeIgniter->runController(Object(App\Controllers\Regiones))
#10 C:\xampp\htdocs\2022PP\EjemploCodeIgniter4\system\CodeIgniter.php(340): CodeIgniter\CodeIgniter->handleRequest(NULL, Object(Config\Cache), false)
#11 C:\xampp\htdocs\2022PP\EjemploCodeIgniter4\public\index.php(67): CodeIgniter\CodeIgniter->run()
#12 {main}
